{"meta": {"version": "6.4.4", "timestamp": "2022-09-28T22:26:43.800665", "branch_coverage": false, "show_contexts": false}, "files": {"cli_parser.py": {"executed_lines": [1, 5, 6, 8, 9, 10, 11, 13, 14, 16, 18, 21, 22, 23, 24], "summary": {"covered_lines": 14, "num_statements": 16, "percent_covered": 87.5, "percent_covered_display": "88", "missing_lines": 2, "excluded_lines": 0}, "missing_lines": [17, 19], "excluded_lines": []}, "cols.py": {"executed_lines": [1, 3, 4, 5, 7, 8, 9, 10, 11, 12, 13, 14, 15, 16, 17, 18, 19, 21, 23, 25, 26, 27, 29, 30], "summary": {"covered_lines": 22, "num_statements": 23, "percent_covered": 95.65217391304348, "percent_covered_display": "96", "missing_lines": 1, "excluded_lines": 0}, "missing_lines": [31], "excluded_lines": []}, "data.py": {"executed_lines": [1, 3, 4, 5, 8, 9, 10, 11, 13, 14, 15, 16, 17, 22, 23, 24, 26, 27, 28, 29, 31, 32, 33, 34, 35, 36, 37, 38, 40, 41, 43, 44], "summary": {"covered_lines": 30, "num_statements": 32, "percent_covered": 93.75, "percent_covered_display": "94", "missing_lines": 2, "excluded_lines": 0}, "missing_lines": [19, 20], "excluded_lines": []}, "driver.py": {"executed_lines": [1, 5, 6, 7, 8, 9, 12, 26, 28, 29, 32, 35, 39, 40, 41, 44], "summary": {"covered_lines": 15, "num_statements": 19, "percent_covered": 78.94736842105263, "percent_covered_display": "79", "missing_lines": 4, "excluded_lines": 0}, "missing_lines": [36, 37, 42, 43], "excluded_lines": []}, "globals.py": {"executed_lines": [1, 2, 3], "summary": {"covered_lines": 2, "num_statements": 2, "percent_covered": 100.0, "percent_covered_display": "100", "missing_lines": 0, "excluded_lines": 0}, "missing_lines": [], "excluded_lines": []}, "num.py": {"executed_lines": [1, 3, 4, 5, 8, 9, 10, 11, 12, 13, 14, 15, 16, 17, 18, 20, 21, 22, 23, 25, 26, 27, 29, 30, 32, 33, 34, 35, 37, 38, 39, 40, 41, 42, 43, 44, 46, 47, 48, 50, 51, 52, 54, 56, 57, 58, 59, 61, 62, 63, 64, 65, 66, 67, 68, 69], "summary": {"covered_lines": 54, "num_statements": 54, "percent_covered": 100.0, "percent_covered_display": "100", "missing_lines": 0, "excluded_lines": 0}, "missing_lines": [], "excluded_lines": []}, "row.py": {"executed_lines": [1, 5, 7, 8, 9, 10, 11, 12, 14, 15, 16, 17, 19, 22], "summary": {"covered_lines": 12, "num_statements": 14, "percent_covered": 85.71428571428571, "percent_covered_display": "86", "missing_lines": 2, "excluded_lines": 0}, "missing_lines": [20, 23], "excluded_lines": []}, "sym.py": {"executed_lines": [1, 5, 7, 8, 9, 10, 11, 12, 13, 15, 16, 17, 19, 20, 21, 23, 24, 26, 28, 29, 30, 31, 32, 33, 34, 35, 37, 38, 39, 40, 41, 42, 44], "summary": {"covered_lines": 31, "num_statements": 36, "percent_covered": 86.11111111111111, "percent_covered_display": "86", "missing_lines": 5, "excluded_lines": 0}, "missing_lines": [45, 46, 47, 48, 49], "excluded_lines": []}, "test_engine.py": {"executed_lines": [1, 2, 3, 4, 5, 6, 7, 10, 11, 12, 15, 16, 18, 19, 20, 21, 22, 24, 25, 27, 28, 29, 30, 31, 33, 34, 35, 36, 37, 38, 39, 40, 42, 43, 44, 45, 46, 47, 48, 49, 50, 52, 53, 54, 55, 56, 57, 58, 59, 60, 62, 63, 64, 65, 66, 68, 69, 70, 71, 72, 73, 74, 76, 78, 79, 80, 82, 84, 85, 87, 88, 89, 90, 93], "summary": {"covered_lines": 72, "num_statements": 75, "percent_covered": 96.0, "percent_covered_display": "96", "missing_lines": 3, "excluded_lines": 0}, "missing_lines": [81, 86, 92], "excluded_lines": []}, "utils.py": {"executed_lines": [1, 5, 6, 7, 8, 10, 11, 13, 14, 16, 17, 18, 19, 20, 21, 23, 24, 25, 27, 28, 29, 30, 31, 32, 33, 34, 35, 37, 40, 41, 42, 43, 49, 50, 51], "summary": {"covered_lines": 34, "num_statements": 39, "percent_covered": 87.17948717948718, "percent_covered_display": "87", "missing_lines": 5, "excluded_lines": 0}, "missing_lines": [22, 38, 45, 46, 47], "excluded_lines": []}}, "totals": {"covered_lines": 286, "num_statements": 310, "percent_covered": 92.25806451612904, "percent_covered_display": "92", "missing_lines": 24, "excluded_lines": 0}}